\BOOKMARK [1][-]{section.1}{\376\377\0001\000\040\213\376\230\230\147\145\156\220\123\312\170\024\172\166\166\204\166\356\166\204\124\214\141\017\116\111}{}% 1
\BOOKMARK [2][-]{subsection.1.1}{\376\377\0001\000.\0001\000\040\213\376\230\230\147\145\156\220}{section.1}% 2
\BOOKMARK [2][-]{subsection.1.2}{\376\377\0001\000.\0002\000\040\170\024\172\166\166\356\166\204}{section.1}% 3
\BOOKMARK [2][-]{subsection.1.3}{\376\377\0001\000.\0003\000\040\170\024\172\166\141\017\116\111}{section.1}% 4
\BOOKMARK [1][-]{section.2}{\376\377\0002\000\040\126\375\121\205\131\026\127\050\213\345\145\271\124\021\166\204\170\024\172\166\163\260\162\266\123\312\122\006\147\220}{}% 5
\BOOKMARK [2][-]{subsection.2.1}{\376\377\0002\000.\0001\000\040\126\375\226\105\170\024\172\166\163\260\162\266}{section.2}% 6
\BOOKMARK [3][-]{subsubsection.2.1.1}{\376\377\0002\000.\0001\000.\0001\000\040\131\126\122\261\152\041\127\213\127\050\213\355\212\000\165\037\142\020\116\055\166\204\136\224\165\050}{subsection.2.1}% 7
\BOOKMARK [3][-]{subsubsection.2.1.2}{\376\377\0002\000.\0001\000.\0002\000\040\137\072\123\026\133\146\116\140\127\050\213\355\212\000\165\037\142\020\116\055\166\204\136\224\165\050}{subsection.2.1}% 8
\BOOKMARK [3][-]{subsubsection.2.1.3}{\376\377\0002\000.\0001\000.\0003\000\040\131\047\213\355\212\000\152\041\127\213\127\050\177\121\176\334\133\211\121\150\230\206\127\337\166\204\136\224\165\050}{subsection.2.1}% 9
\BOOKMARK [2][-]{subsection.2.2}{\376\377\0002\000.\0002\000\040\126\375\121\205\170\024\172\166\163\260\162\266}{section.2}% 10
\BOOKMARK [3][-]{subsubsection.2.2.1}{\376\377\0002\000.\0002\000.\0001\000\040\220\032\217\307\155\361\136\246\133\146\116\140\150\300\155\113\177\121\176\334\137\002\136\070\155\101\221\317}{subsection.2.2}% 11
\BOOKMARK [1][-]{section.3}{\376\377\0003\000\040\116\073\211\201\170\024\172\166\121\205\133\271}{}% 12
\BOOKMARK [2][-]{subsection.3.1}{\376\377\0003\000.\0001\000\040\145\160\143\156\145\066\226\306}{section.3}% 13
\BOOKMARK [2][-]{subsection.3.2}{\376\377\0003\000.\0002\000\040\000B\000o\000n\000i\000t\000o\152\041\127\213}{section.3}% 14
\BOOKMARK [2][-]{subsection.3.3}{\376\377\0003\000.\0003\000\040\143\007\116\344\137\256\214\003}{section.3}% 15
\BOOKMARK [2][-]{subsection.3.4}{\376\377\0003\000.\0004\000\040\131\126\122\261\152\041\127\213}{section.3}% 16
\BOOKMARK [3][-]{subsubsection.3.4.1}{\376\377\0003\000.\0004\000.\0001\000\040\116\072\116\300\116\110\165\050\131\126\122\261\152\041\127\213}{subsection.3.4}% 17
\BOOKMARK [3][-]{subsubsection.3.4.2}{\376\377\0003\000.\0004\000.\0002\000\040\131\126\122\261\152\041\127\213\213\276\213\241}{subsection.3.4}% 18
\BOOKMARK [1][-]{section.4}{\376\377\0004\000\040\170\024\172\166\145\271\150\110}{}% 19
\BOOKMARK [2][-]{subsection.4.1}{\376\377\0004\000.\0001\000\040\000B\000o\000n\000i\000t\000o\152\041\127\213}{section.4}% 20
\BOOKMARK [2][-]{subsection.4.2}{\376\377\0004\000.\0002\000\040\143\007\116\344\137\256\214\003\131\126\122\261\152\041\127\213}{section.4}% 21
\BOOKMARK [2][-]{subsection.4.3}{\376\377\0004\000.\0003\000\040\131\126\122\261\152\041\127\213\166\204\213\276\213\241}{section.4}% 22
\BOOKMARK [2][-]{subsection.4.4}{\376\377\0004\000.\0004\000\040\176\323\147\234\213\304\117\060\116\016\225\355\163\257\123\315\231\210}{section.4}% 23
\BOOKMARK [1][-]{section.5}{\376\377\0005\000\040\217\333\136\246\133\211\143\222\377\014\230\204\147\037\217\276\122\060\166\204\166\356\150\007}{}% 24
\BOOKMARK [1][-]{section.6}{\376\377\0006\000\040\213\376\230\230\135\362\121\167\131\007\124\214\142\100\227\000\166\204\147\141\116\366\060\001\176\317\215\071}{}% 25
\BOOKMARK [1][-]{section.7}{\376\377\0007\000\040\170\024\172\166\217\307\172\013\116\055\123\357\200\375\220\107\122\060\166\204\126\360\226\276\124\214\225\356\230\230\377\014\211\343\121\263\166\204\143\252\145\275}{}% 26
\BOOKMARK [2][-]{subsection.7.1}{\376\377\0007\000.\0001\000\040\000B\000o\000n\000i\000t\000o\152\041\127\213\145\160\143\156\116\015\136\163\210\141}{section.7}% 27
\BOOKMARK [2][-]{subsection.7.2}{\376\377\0007\000.\0002\000\040\152\041\127\213\217\307\142\337\124\010\225\356\230\230}{section.7}% 28
\BOOKMARK [1][-]{section.8}{\376\377\0008\000\040\116\073\211\201\123\302\200\003\145\207\163\056}{}% 29
